{"C:/Users/z0043ryv/Downloads/TypeScriptTodo-master/typescript/webpack.config.js": {"path":"C:/Users/z0043ryv/Downloads/TypeScriptTodo-master/typescript/webpack.config.js","statementMap":{},"fnMap":{},"branchMap":{},"s":{},"f":{},"b":{}}
,"C:/Users/z0043ryv/Downloads/TypeScriptTodo-master/typescript/cypress/integration/1-getting-started/todo.spec.ts": {"path":"C:/Users/z0043ryv/Downloads/TypeScriptTodo-master/typescript/cypress/integration/1-getting-started/todo.spec.ts","statementMap":{},"fnMap":{},"branchMap":{},"s":{},"f":{},"b":{}}
,"C:/Users/z0043ryv/Downloads/TypeScriptTodo-master/typescript/cypress/plugins/cy-ts-preprocessor.js": {"path":"C:/Users/z0043ryv/Downloads/TypeScriptTodo-master/typescript/cypress/plugins/cy-ts-preprocessor.js","statementMap":{},"fnMap":{},"branchMap":{},"s":{},"f":{},"b":{}}
,"C:/Users/z0043ryv/Downloads/TypeScriptTodo-master/typescript/cypress/plugins/index.js": {"path":"C:/Users/z0043ryv/Downloads/TypeScriptTodo-master/typescript/cypress/plugins/index.js","statementMap":{},"fnMap":{},"branchMap":{},"s":{},"f":{},"b":{}}
,"C:/Users/z0043ryv/Downloads/TypeScriptTodo-master/typescript/cypress/support/commands.js": {"path":"C:/Users/z0043ryv/Downloads/TypeScriptTodo-master/typescript/cypress/support/commands.js","statementMap":{},"fnMap":{},"branchMap":{},"s":{},"f":{},"b":{}}
,"C:/Users/z0043ryv/Downloads/TypeScriptTodo-master/typescript/cypress/support/index.js": {"path":"C:/Users/z0043ryv/Downloads/TypeScriptTodo-master/typescript/cypress/support/index.js","statementMap":{},"fnMap":{},"branchMap":{},"s":{},"f":{},"b":{}}
,"C:/Users/z0043ryv/Downloads/TypeScriptTodo-master/typescript/public/bundle.js": {"path":"C:/Users/z0043ryv/Downloads/TypeScriptTodo-master/typescript/public/bundle.js","statementMap":{},"fnMap":{},"branchMap":{},"s":{},"f":{},"b":{}}
,"C:\\Users\\z0043ryv\\Downloads\\TypeScriptTodo-master\\typescript\\src\\forms.ts": {"path":"C:\\Users\\z0043ryv\\Downloads\\TypeScriptTodo-master\\typescript\\src\\forms.ts","statementMap":{"0":{"start":{"line":2,"column":0},"end":{"line":2,"column":26}},"1":{"start":{"line":3,"column":0},"end":{"line":3,"column":26}},"2":{"start":{"line":4,"column":0},"end":{"line":11,"column":2}},"3":{"start":{"line":5,"column":17},"end":{"line":5,"column":47}},"4":{"start":{"line":6,"column":17},"end":{"line":6,"column":19}},"5":{"start":{"line":7,"column":4},"end":{"line":9,"column":7}},"6":{"start":{"line":8,"column":8},"end":{"line":8,"column":39}},"7":{"start":{"line":10,"column":4},"end":{"line":10,"column":18}}},"fnMap":{"0":{"name":"(anonymous_0)","decl":{"start":{"line":4,"column":19},"end":{"line":4,"column":20}},"loc":{"start":{"line":4,"column":35},"end":{"line":11,"column":1}},"line":4},"1":{"name":"(anonymous_1)","decl":{"start":{"line":7,"column":19},"end":{"line":7,"column":20}},"loc":{"start":{"line":7,"column":36},"end":{"line":9,"column":5}},"line":7}},"branchMap":{},"s":{"0":1,"1":1,"2":1,"3":1,"4":1,"5":1,"6":3,"7":1},"f":{"0":1,"1":3},"b":{},"_coverageSchema":"1a1c01bbd47fc00a2c39e90264f33305004495a9","hash":"244c48b96de606edf1f59958c9c2d032c6dd5587"}
,"C:\\Users\\z0043ryv\\Downloads\\TypeScriptTodo-master\\typescript\\src\\index.ts": {"path":"C:\\Users\\z0043ryv\\Downloads\\TypeScriptTodo-master\\typescript\\src\\index.ts","statementMap":{"0":{"start":{"line":2,"column":0},"end":{"line":2,"column":26}},"1":{"start":{"line":3,"column":14},"end":{"line":3,"column":32}},"2":{"start":{"line":4,"column":11},"end":{"line":4,"column":41}},"3":{"start":{"line":5,"column":0},"end":{"line":9,"column":3}},"4":{"start":{"line":6,"column":4},"end":{"line":6,"column":23}},"5":{"start":{"line":7,"column":15},"end":{"line":7,"column":37}},"6":{"start":{"line":8,"column":4},"end":{"line":8,"column":22}}},"fnMap":{"0":{"name":"(anonymous_0)","decl":{"start":{"line":5,"column":32},"end":{"line":5,"column":33}},"loc":{"start":{"line":5,"column":45},"end":{"line":9,"column":1}},"line":5}},"branchMap":{},"s":{"0":1,"1":1,"2":1,"3":1,"4":1,"5":1,"6":1},"f":{"0":1},"b":{},"_coverageSchema":"1a1c01bbd47fc00a2c39e90264f33305004495a9","hash":"6a3c7e60fd6ff54d049912c9cc3a4f2f5950de52"}
}
